<?xml version="1.0" encoding="UTF-8"?>
<!-- Generated by org.testng.reporters.JUnitReportReporter -->
<testsuite name="TNpackage.FirstTN" tests="1" time="16.503" ignored="0" failures="0" timestamp="18 Jul 2019 15:56:46 GMT" skipped="0" hostname="Pavan-PC" errors="0">
  <testcase name="okkk" time="16.503" classname="TNpackage.FirstTN"/>
</testsuite> <!-- TNpackage.FirstTN -->
